Setup Client Server Connection at Sat Feb 20 19:15:38 2021
 
Creating client socket 
Client-Client Socket created successfully 
Client- Socket Id : 1208 
Client-Connecting to server 
Connect- Error:Tried to connect server on port, failed...giving up 
Setup Client Server Connection at Sat Feb 20 19:16:25 2021
 
Creating client socket 
Client-Client Socket created successfully 
Client- Socket Id : 1208 
Client-Connecting to server 
Client-Connected to server 
Socket Id : 1208 & Message sent : num1:00000000,num2:00000000 
Setup Client Server Connection at Sat Feb 20 19:17:15 2021
 
Creating client socket 
Client-Client Socket created successfully 
Client- Socket Id : 1140 
Client-Connecting to server 
Client-Connected to server 
Socket Id : 1140 & Message sent : num1:00000000,num2:00000000 
Setup Client Server Connection at Sat Feb 20 19:18:40 2021
 
Creating client socket 
Client-Client Socket created successfully 
Client- Socket Id : 1208 
Client-Connecting to server 
Client-Connected to server 
Socket Id : 1208 & Message sent : num1:00000000,num2:00000000 
Setup Client Server Connection at Sat Feb 20 19:19:38 2021
 
Creating client socket 
Client-Client Socket created successfully 
Client- Socket Id : 1224 
Client-Connecting to server 
Client-Connected to server 
Socket Id : 1224 & Message sent : num1:00000000,num2:00000000 
Setup Client Server Connection at Sat Feb 20 19:20:57 2021
 
Creating client socket 
Client-Client Socket created successfully 
Client- Socket Id : 1208 
Client-Connecting to server 
Client-Connected to server 
Socket Id : 1208 & Message sent : num1:00000000,num2:00000000 
Setup Client Server Connection at Sat Feb 20 19:22:42 2021
 
Creating client socket 
Client-Client Socket created successfully 
Client- Socket Id : 1208 
Client-Connecting to server 
Client-Connected to server 
Socket Id : 1208 & Message sent : num1:00000000,num2:00000000 
Setup Client Server Connection at Sat Feb 20 19:23:14 2021
 
Creating client socket 
Client-Client Socket created successfully 
Client- Socket Id : 1212 
Client-Connecting to server 
Client-Connected to server 
Socket Id : 1212 & Message sent : num1:00000000,num2:00000000 
Setup Client Server Connection at Sat Feb 20 19:26:18 2021
 
Creating client socket 
Client-Client Socket created successfully 
Client- Socket Id : 1208 
Client-Connecting to server 
Client-Connected to server 
Socket Id : 1208 & Message sent : num1:00000000,num2:00000000 
Setup Client Server Connection at Sat Feb 20 19:26:53 2021
 
Creating client socket 
Client-Client Socket created successfully 
Client- Socket Id : 1212 
Client-Connecting to server 
Client-Connected to server 
Socket Id : 1212 & Message sent : num1:00000000,num2:00000000 
Setup Client Server Connection at Sat Feb 20 19:32:24 2021
 
Creating client socket 
Client-Client Socket created successfully 
Client- Socket Id : 1208 
Client-Connecting to server 
Client-Connected to server 
Socket Id : 1208 & Message sent : num1:00000000,num2:00000000 
Setup Client Server Connection at Sun Feb 21 21:21:52 2021
 
Creating client socket 
Client-Client Socket created successfully 
Client- Socket Id : 1212 
Client-Connecting to server 
Client-Connected to server 
Socket Id : 1212 & Message sent : num1:00000000,num2:00000000 
Setup Client Server Connection at Sun Feb 21 21:24:20 2021
 
Creating client socket 
Client-Client Socket created successfully 
Client- Socket Id : 1216 
Client-Connecting to server 
Client-Connected to server 
Socket Id : 1216 & Message sent : num1:00000000,num2:00000000 
Setup Client Server Connection at Sun Feb 21 21:28:08 2021
 
Creating client socket 
Client-Client Socket created successfully 
Client- Socket Id : 1212 
Client-Connecting to server 
Client-Connected to server 
Socket Id : 1212 & Message sent : num1:00000000,num2:00000000 
Setup Client Server Connection at Sun Feb 21 21:28:55 2021
 
Creating client socket 
Client-Client Socket created successfully 
Client- Socket Id : 924 
Client-Connecting to server 
Client-Connected to server 
Socket Id : 924 & Message sent : num1:00000000,num2:00000000 
Setup Client Server Connection at Sun Feb 21 21:30:33 2021
 
Creating client socket 
Client-Client Socket created successfully 
Client- Socket Id : 1208 
Client-Connecting to server 
Client-Connected to server 
Socket Id : 1208 & Message sent : num1:00000000,num2:00000000 
Setup Client Server Connection at Sun Feb 21 21:31:07 2021
 
Creating client socket 
Client-Client Socket created successfully 
Client- Socket Id : 1208 
Client-Connecting to server 
Client-Connected to server 
Socket Id : 1208 & Message sent : num1:00000000,num2:00000000 
Setup Client Server Connection at Sun Feb 21 21:47:47 2021
 
Creating client socket 
Client-Client Socket created successfully 
Client- Socket Id : 1208 
Client-Connecting to server 
Client-Connected to server 
Socket Id : 1208 & Message sent : num1:00000000,num2:00000000 
Setup Client Server Connection at Sun Feb 21 21:49:06 2021
 
Creating client socket 
Client-Client Socket created successfully 
Client- Socket Id : 964 
Client-Connecting to server 
Client-Connected to server 
Socket Id : 964 & Message sent : num1:00000000,num2:00000000 
Setup Client Server Connection at Sun Feb 21 21:50:03 2021
 
Creating client socket 
Client-Client Socket created successfully 
Client- Socket Id : 1208 
Client-Connecting to server 
Client-Connected to server 
Socket Id : 1208 & Message sent : num1:00000000,num2:00000000 
